0 info it worked if it ends with ok
1 verbose cli [ '/usr/bin/nodejs', '/usr/bin/npm', 'start' ]
2 info using npm@3.10.3
3 info using node@v6.7.0
4 verbose run-script [ 'prestart', 'start', 'poststart' ]
5 info lifecycle assignment3@0.1.0~prestart: assignment3@0.1.0
6 silly lifecycle assignment3@0.1.0~prestart: no script for prestart, continuing
7 info lifecycle assignment3@0.1.0~start: assignment3@0.1.0
8 verbose lifecycle assignment3@0.1.0~start: unsafe-perm in lifecycle true
9 verbose lifecycle assignment3@0.1.0~start: PATH: /usr/lib/node_modules/npm/bin/node-gyp-bin:/mnt/c/Users/Will/Documents/OSU/CS496/final/finalAssignment3/node_modules/.bin:/usr/bin:/usr/local/heroku/bin:/home/wthomas/.local/bin:/usr/local/bin:/usr/bin:/bin:/usr/local/games:/usr/games
10 verbose lifecycle assignment3@0.1.0~start: CWD: /mnt/c/Users/Will/Documents/OSU/CS496/final/finalAssignment3
11 silly lifecycle assignment3@0.1.0~start: Args: [ '-c', 'node --use_strict index.js' ]
12 silly lifecycle assignment3@0.1.0~start: Returned: code: 1  signal: null
13 info lifecycle assignment3@0.1.0~start: Failed to exec start script
14 verbose stack Error: assignment3@0.1.0 start: `node --use_strict index.js`
14 verbose stack Exit status 1
14 verbose stack     at EventEmitter.<anonymous> (/usr/lib/node_modules/npm/lib/utils/lifecycle.js:242:16)
14 verbose stack     at emitTwo (events.js:106:13)
14 verbose stack     at EventEmitter.emit (events.js:191:7)
14 verbose stack     at ChildProcess.<anonymous> (/usr/lib/node_modules/npm/lib/utils/spawn.js:40:14)
14 verbose stack     at emitTwo (events.js:106:13)
14 verbose stack     at ChildProcess.emit (events.js:191:7)
14 verbose stack     at maybeClose (internal/child_process.js:877:16)
14 verbose stack     at Process.ChildProcess._handle.onexit (internal/child_process.js:226:5)
15 verbose pkgid assignment3@0.1.0
16 verbose cwd /mnt/c/Users/Will/Documents/OSU/CS496/final/finalAssignment3
17 error Linux 3.4.0+
18 error argv "/usr/bin/nodejs" "/usr/bin/npm" "start"
19 error node v6.7.0
20 error npm  v3.10.3
21 error code ELIFECYCLE
22 error assignment3@0.1.0 start: `node --use_strict index.js`
22 error Exit status 1
23 error Failed at the assignment3@0.1.0 start script 'node --use_strict index.js'.
23 error Make sure you have the latest version of node.js and npm installed.
23 error If you do, this is most likely a problem with the assignment3 package,
23 error not with npm itself.
23 error Tell the author that this fails on your system:
23 error     node --use_strict index.js
23 error You can get information on how to open an issue for this project with:
23 error     npm bugs assignment3
23 error Or if that isn't available, you can get their info via:
23 error     npm owner ls assignment3
23 error There is likely additional logging output above.
24 verbose exit [ 1, true ]
